Flow report for fpga_project
Fri May  9 16:57:28 2025
Quartus Prime Version 24.1std.0 Build 1077 03/04/2025 SC Lite Edition


---------------------
; Table of Contents ;
---------------------
  1. Legal Notice
  2. Flow Summary
  3. Flow Settings
  4. Flow Non-Default Global Settings
  5. Flow Elapsed Time
  6. Flow OS Summary
  7. Flow Log
  8. Flow Messages
  9. Flow Suppressed Messages



----------------
; Legal Notice ;
----------------
Copyright (C) 2025  Altera Corporation. All rights reserved.
Your use of Altera Corporation's design tools, logic functions 
and other software and tools, and any partner logic 
functions, and any output files from any of the foregoing 
(including device programming or simulation files), and any 
associated documentation or information are expressly subject 
to the terms and conditions of the Altera Program License 
Subscription Agreement, the Altera Quartus Prime License Agreement,
the Altera IP License Agreement, or other applicable license
agreement, including, without limitation, that your use is for
the sole purpose of programming logic devices manufactured by
Altera and sold by Altera or its authorized distributors.  Please
refer to the Altera Software License Subscription Agreements 
on the Quartus Prime software download page.



+--------------------------------------------------------------------------------------+
; Flow Summary                                                                         ;
+------------------------------------+-------------------------------------------------+
; Flow Status                        ; Successful - Fri May  9 16:57:25 2025           ;
; Quartus Prime Version              ; 24.1std.0 Build 1077 03/04/2025 SC Lite Edition ;
; Revision Name                      ; fpga_project                                    ;
; Top-level Entity Name              ; board_specific_top                              ;
; Family                             ; Cyclone IV E                                    ;
; Device                             ; EP4CE6E22C8                                     ;
; Timing Models                      ; Final                                           ;
; Total logic elements               ; 471 / 6,272 ( 8 % )                             ;
;     Total combinational functions  ; 459 / 6,272 ( 7 % )                             ;
;     Dedicated logic registers      ; 274 / 6,272 ( 4 % )                             ;
; Total registers                    ; 274                                             ;
; Total pins                         ; 51 / 92 ( 55 % )                                ;
; Total virtual pins                 ; 0                                               ;
; Total memory bits                  ; 0 / 276,480 ( 0 % )                             ;
; Embedded Multiplier 9-bit elements ; 0 / 30 ( 0 % )                                  ;
; Total PLLs                         ; 0 / 2 ( 0 % )                                   ;
+------------------------------------+-------------------------------------------------+


+-----------------------------------------+
; Flow Settings                           ;
+-------------------+---------------------+
; Option            ; Setting             ;
+-------------------+---------------------+
; Start date & time ; 05/09/2025 16:57:09 ;
; Main task         ; Compilation         ;
; Revision Name     ; fpga_project        ;
+-------------------+---------------------+


+------------------------------------------------------------------------------------------------------+
; Flow Non-Default Global Settings                                                                     ;
+-------------------------+---------------------------------+---------------+-------------+------------+
; Assignment Name         ; Value                           ; Default Value ; Entity Name ; Section Id ;
+-------------------------+---------------------------------+---------------+-------------+------------+
; COMPILER_SIGNATURE_ID   ; 103741182329171.174679902929368 ; --            ; --          ; --         ;
; NUM_PARALLEL_PROCESSORS ; 4                               ; --            ; --          ; --         ;
; SEARCH_PATH             ; ..                              ; --            ; --          ; --         ;
; SEARCH_PATH             ; ../../../../boards/omdazz       ; --            ; --          ; --         ;
; SEARCH_PATH             ; ../../../../peripherals         ; --            ; --          ; --         ;
; SEARCH_PATH             ; ../../../common                 ; --            ; --          ; --         ;
; TOP_LEVEL_ENTITY        ; board_specific_top              ; fpga_project  ; --          ; --         ;
+-------------------------+---------------------------------+---------------+-------------+------------+


+--------------------------------------------------------------------------------------------------------------------------+
; Flow Elapsed Time                                                                                                        ;
+----------------------+--------------+-------------------------+---------------------+------------------------------------+
; Module Name          ; Elapsed Time ; Average Processors Used ; Peak Virtual Memory ; Total CPU Time (on all processors) ;
+----------------------+--------------+-------------------------+---------------------+------------------------------------+
; Analysis & Synthesis ; 00:00:08     ; 1.0                     ; 4806 MB             ; 00:00:22                           ;
; Fitter               ; 00:00:05     ; 1.0                     ; 5502 MB             ; 00:00:05                           ;
; Assembler            ; 00:00:01     ; 1.0                     ; 4717 MB             ; 00:00:01                           ;
; Timing Analyzer      ; 00:00:02     ; 1.0                     ; 4802 MB             ; 00:00:02                           ;
; Total                ; 00:00:16     ; --                      ; --                  ; 00:00:30                           ;
+----------------------+--------------+-------------------------+---------------------+------------------------------------+


+------------------------------------------------------------------------------------+
; Flow OS Summary                                                                    ;
+----------------------+------------------+------------+------------+----------------+
; Module Name          ; Machine Hostname ; OS Name    ; OS Version ; Processor type ;
+----------------------+------------------+------------+------------+----------------+
; Analysis & Synthesis ; LAPTOP-JTPT82EM  ; Windows 10 ; 10.0       ; x86_64         ;
; Fitter               ; LAPTOP-JTPT82EM  ; Windows 10 ; 10.0       ; x86_64         ;
; Assembler            ; LAPTOP-JTPT82EM  ; Windows 10 ; 10.0       ; x86_64         ;
; Timing Analyzer      ; LAPTOP-JTPT82EM  ; Windows 10 ; 10.0       ; x86_64         ;
+----------------------+------------------+------------+------------+----------------+


------------
; Flow Log ;
------------
quartus_map --read_settings_files=on --write_settings_files=off fpga_project -c fpga_project
quartus_fit --read_settings_files=off --write_settings_files=off fpga_project -c fpga_project
quartus_asm --read_settings_files=off --write_settings_files=off fpga_project -c fpga_project
quartus_sta fpga_project -c fpga_project



